<?xml version="1.0" encoding="UTF-8"?>
<testng-results skipped="0" failed="0" ignored="0" total="4" passed="4">
  <reporter-output>
  </reporter-output>
  <suite name="Automation Test Suite" duration-ms="108544" started-at="2020-03-17T23:39:50Z" finished-at="2020-03-17T23:41:38Z">
    <groups>
      <group name="cucumber">
        <method signature="AbstractTestNGCucumberTests.feature(cucumber.api.testng.CucumberFeatureWrapper)[pri:0, instance:com.usa.myrunner.MyRunner@15bb6bea]" name="feature" class="cucumber.api.testng.AbstractTestNGCucumberTests"/>
      </group> <!-- cucumber -->
    </groups>
    <test name="PMCS Login test" duration-ms="108544" started-at="2020-03-17T23:39:50Z" finished-at="2020-03-17T23:41:38Z">
      <class name="com.usa.myrunner.MyRunner">
        <test-method status="PASS" signature="setUpClass()[pri:0, instance:com.usa.myrunner.MyRunner@15bb6bea]" name="setUpClass" is-config="true" duration-ms="845" started-at="2020-03-17T23:40:42Z" finished-at="2020-03-17T23:40:43Z">
          <reporter-output>
          </reporter-output>
        </test-method> <!-- setUpClass -->
        <test-method status="PASS" signature="feature(cucumber.api.testng.CucumberFeatureWrapper)[pri:0, instance:com.usa.myrunner.MyRunner@15bb6bea]" name="feature" duration-ms="20413" started-at="2020-03-17T23:40:43Z" description="Runs Cucumber Feature" data-provider="features" finished-at="2020-03-17T23:41:03Z">
          <params>
            <param index="0">
              <value>
                <![CDATA[Users can buy the Property sell the Property & compaire the Property price from the online https://www.zoopla.co.uk/ website]]>
              </value>
            </param>
          </params>
          <reporter-output>
          </reporter-output>
        </test-method> <!-- feature -->
        <test-method status="PASS" signature="feature(cucumber.api.testng.CucumberFeatureWrapper)[pri:0, instance:com.usa.myrunner.MyRunner@15bb6bea]" name="feature" duration-ms="35033" started-at="2020-03-17T23:41:03Z" description="Runs Cucumber Feature" data-provider="features" finished-at="2020-03-17T23:41:38Z">
          <params>
            <param index="0">
              <value>
                <![CDATA[Users can buy the Property sell the Property & compaire the Property price from the online https://www.zoopla.co.uk/ website]]>
              </value>
            </param>
          </params>
          <reporter-output>
          </reporter-output>
        </test-method> <!-- feature -->
        <test-method status="PASS" signature="tearDownClass()[pri:0, instance:com.usa.myrunner.MyRunner@15bb6bea]" name="tearDownClass" is-config="true" duration-ms="41" started-at="2020-03-17T23:41:38Z" finished-at="2020-03-17T23:41:38Z">
          <reporter-output>
          </reporter-output>
        </test-method> <!-- tearDownClass -->
      </class> <!-- com.usa.myrunner.MyRunner -->
      <class name="com.usa.logintest.LoginTest">
        <test-method status="PASS" signature="setUp()[pri:0, instance:com.usa.logintest.LoginTest@6328d34a]" name="setUp" is-config="true" duration-ms="14624" started-at="2020-03-17T23:39:50Z" finished-at="2020-03-17T23:40:05Z">
          <reporter-output>
          </reporter-output>
        </test-method> <!-- setUp -->
        <test-method status="PASS" signature="getLoginValidation()[pri:0, instance:com.usa.logintest.LoginTest@6328d34a]" name="getLoginValidation" duration-ms="4539" started-at="2020-03-17T23:40:05Z" finished-at="2020-03-17T23:40:10Z">
          <reporter-output>
          </reporter-output>
        </test-method> <!-- getLoginValidation -->
        <test-method status="PASS" signature="tearDown()[pri:0, instance:com.usa.logintest.LoginTest@6328d34a]" name="tearDown" is-config="true" duration-ms="811" started-at="2020-03-17T23:40:10Z" finished-at="2020-03-17T23:40:10Z">
          <reporter-output>
          </reporter-output>
        </test-method> <!-- tearDown -->
      </class> <!-- com.usa.logintest.LoginTest -->
      <class name="com.usa.logintest.FindPropertyTest">
        <test-method status="PASS" signature="setUp()[pri:0, instance:com.usa.logintest.FindPropertyTest@145eaa29]" name="setUp" is-config="true" duration-ms="19497" started-at="2020-03-17T23:40:11Z" finished-at="2020-03-17T23:40:30Z">
          <reporter-output>
          </reporter-output>
        </test-method> <!-- setUp -->
        <test-method status="PASS" signature="findProperties()[pri:0, instance:com.usa.logintest.FindPropertyTest@145eaa29]" name="findProperties" duration-ms="10982" started-at="2020-03-17T23:40:30Z" finished-at="2020-03-17T23:40:41Z">
          <reporter-output>
          </reporter-output>
        </test-method> <!-- findProperties -->
        <test-method status="PASS" signature="tearDown()[pri:0, instance:com.usa.logintest.FindPropertyTest@145eaa29]" name="tearDown" is-config="true" duration-ms="798" started-at="2020-03-17T23:40:41Z" finished-at="2020-03-17T23:40:42Z">
          <reporter-output>
          </reporter-output>
        </test-method> <!-- tearDown -->
      </class> <!-- com.usa.logintest.FindPropertyTest -->
    </test> <!-- PMCS Login test -->
  </suite> <!-- Automation Test Suite -->
</testng-results>
