<?xml version="1.0" encoding="UTF-8"?>
<!-- Generated by org.testng.reporters.JUnitXMLReporter -->
<testsuite hostname="LAPTOP-I1MIK5QD" ignored="0" name="PMCS Login test" tests="4" failures="0" timestamp="17 Mar 2020 23:41:39 GMT" time="108.544" errors="0">
  <testcase name="getLoginValidation" time="4.539" classname="com.usa.logintest.LoginTest"/>
  <testcase name="findProperties" time="10.982" classname="com.usa.logintest.FindPropertyTest"/>
  <testcase name="feature" time="20.413" classname="cucumber.api.testng.AbstractTestNGCucumberTests"/>
  <testcase name="feature" time="35.033" classname="cucumber.api.testng.AbstractTestNGCucumberTests"/>
</testsuite> <!-- PMCS Login test -->
